#
# A fatal error has been detected by the Java Runtime Environment:
#
#  EXCEPTION_ACCESS_VIOLATION (0xc0000005) at pc=0x000000006c76100e, pid=10564, tid=0x00000000000022f8
#
# JRE version: Java(TM) SE Runtime Environment (8.0_101-b13) (build 1.8.0_101-b13)
# Java VM: Java HotSpot(TM) 64-Bit Server VM (25.101-b13 mixed mode windows-amd64 compressed oops)
# Problematic frame:
# C  [jdwp.dll+0x2100e]
#
# Failed to write core dump. Minidumps are not enabled by default on client versions of Windows
#
# If you would like to submit a bug report, please visit:
#   http://bugreport.java.com/bugreport/crash.jsp
# The crash happened outside the Java Virtual Machine in native code.
# See problematic frame for where to report the bug.
#

---------------  T H R E A D  ---------------

Current thread (0x0000000017ea9000):  JavaThread "JDWP Command Reader" daemon [_thread_in_native, id=8952, stack(0x0000000019a30000,0x0000000019b30000)]

siginfo: ExceptionCode=0xc0000005, reading address 0x0000000000000000

Registers:
RAX=0x000000006c76f5a0, RBX=0x0000000017ea9000, RCX=0x0000000000000000, RDX=0x0000000017ea2240
RSP=0x0000000019b2f380, RBP=0x000000006c7691a8, RSI=0x0000000017ea2240, RDI=0x0000000019d141c0
R8 =0x0000000019b2f108, R9 =0x0000000001455230, R10=0x0000000000000000, R11=0x0000000019b2f330
R12=0x0000000017ea9bd0, R13=0x0000000017ea9fa8, R14=0x0000000000000000, R15=0x000000006c769198
RIP=0x000000006c76100e, EFLAGS=0x0000000000010202

Top of Stack: (sp=0x0000000019b2f380)
0x0000000019b2f380:   0000000019b2f430 000000006c7691a8
0x0000000019b2f390:   0000000000000004 000000006ca370c5
0x0000000019b2f3a0:   0000000019d141c0 000000006c75fa11
0x0000000019b2f3b0:   0000000019b2f430 0000000000000013
0x0000000019b2f3c0:   0000000017ea9bc0 000000006c8287dd
0x0000000019b2f3d0:   0000000019d141c0 000000006c74ee4a
0x0000000019b2f3e0:   0000000017ea9000 0000000017ea9bc0
0x0000000019b2f3f0:   0000000017ea9bc0 000000006c9d2de3
0x0000000019b2f400:   0000000017ea9001 0000000003129c60
0x0000000019b2f410:   0000000017ea9000 0000000017e98720
0x0000000019b2f420:   0000000017e9d8a0 000000006c90c82b
0x0000000019b2f430:   0640680800000000 0000000017010900
0x0000000019b2f440:   0000000017ea0fc0 0000000017ea9000
0x0000000019b2f450:   0000000000000000 000000006c9dd258
0x0000000019b2f460:   0000000017ea9000 00000000000003d8
0x0000000019b2f470:   0000000017e9d8a0 00000000000000d8 

Instructions: (pc=0x000000006c76100e)
0x000000006c760fee:   8b c8 e8 cb bb ff ff 84 c0 75 08 48 8b cb e8 53
0x000000006c760ffe:   c6 ff ff 48 8b 05 e0 ec 00 00 48 8b d6 48 8b 08
0x000000006c76100e:   48 8b 01 ff 90 00 01 00 00 8b c8 e8 62 ff ff ff
0x000000006c76101e:   8b f8 83 f8 34 74 bb 85 c0 74 61 8b c8 e8 c0 e2 


Register to memory mapping:

RAX=0x000000006c76f5a0 is an unknown value
RBX=0x0000000017ea9000 is a thread
RCX=0x0000000000000000 is an unknown value
RDX=0x0000000017ea2240 is an unknown value
RSP=0x0000000019b2f380 is pointing into the stack for thread: 0x0000000017ea9000
RBP=0x000000006c7691a8 is an unknown value
RSI=0x0000000017ea2240 is an unknown value
RDI=0x0000000019d141c0 is an unknown value
R8 =0x0000000019b2f108 is pointing into the stack for thread: 0x0000000017ea9000
R9 =0x0000000001455230 is an unknown value
R10=0x0000000000000000 is an unknown value
R11=0x0000000019b2f330 is pointing into the stack for thread: 0x0000000017ea9000
R12=0x0000000017ea9bd0 is an unknown value
R13=0x0000000017ea9fa8 is an unknown value
R14=0x0000000000000000 is an unknown value
R15=0x000000006c769198 is an unknown value


Stack: [0x0000000019a30000,0x0000000019b30000],  sp=0x0000000019b2f380,  free space=1020k
Native frames: (J=compiled Java code, j=interpreted, Vv=VM code, C=native code)
C  [jdwp.dll+0x2100e]
C  [jdwp.dll+0xee4a]
V  [jvm.dll+0x1bd258]
V  [jvm.dll+0x2451a4]
V  [jvm.dll+0x29c18a]
C  [msvcr100.dll+0x21d9f]
C  [msvcr100.dll+0x21e3b]
C  [KERNEL32.DLL+0x8364]
C  [ntdll.dll+0x670d1]


---------------  P R O C E S S  ---------------

Java Threads: ( => current thread )
  0x0000000017eee800 JavaThread "Service Thread" daemon [_thread_blocked, id=12292, stack(0x000000001a230000,0x000000001a330000)]
  0x0000000017ee9800 JavaThread "C1 CompilerThread2" daemon [_thread_blocked, id=11704, stack(0x000000001a130000,0x000000001a230000)]
  0x0000000017ee9000 JavaThread "C2 CompilerThread1" daemon [_thread_blocked, id=9700, stack(0x000000001a030000,0x000000001a130000)]
  0x0000000017eba800 JavaThread "C2 CompilerThread0" daemon [_thread_blocked, id=5460, stack(0x0000000019b30000,0x0000000019c30000)]
=>0x0000000017ea9000 JavaThread "JDWP Command Reader" daemon [_thread_in_native, id=8952, stack(0x0000000019a30000,0x0000000019b30000)]
  0x0000000017ea6000 JavaThread "JDWP Event Helper Thread" daemon [_thread_blocked, id=4420, stack(0x0000000019930000,0x0000000019a30000)]
  0x0000000017e92800 JavaThread "JDWP Transport Listener: dt_socket" daemon [_thread_blocked, id=14892, stack(0x0000000019830000,0x0000000019930000)]
  0x0000000017e8d000 JavaThread "Attach Listener" daemon [_thread_blocked, id=13428, stack(0x00000000193f0000,0x00000000194f0000)]
  0x0000000017e8c000 JavaThread "Signal Dispatcher" daemon [_thread_blocked, id=13708, stack(0x00000000192f0000,0x00000000193f0000)]
  0x0000000017e7a800 JavaThread "Finalizer" daemon [_thread_blocked, id=14464, stack(0x0000000019100000,0x0000000019200000)]
  0x0000000017e59000 JavaThread "Reference Handler" daemon [_thread_blocked, id=13992, stack(0x0000000019000000,0x0000000019100000)]

Other Threads:
  0x0000000017e57800 VMThread [stack: 0x0000000018f00000,0x0000000019000000] [id=8272]

VM state:at safepoint (normal execution)

VM Mutex/Monitor currently owned by a thread:  ([mutex/lock_event])
[0x000000000312d4d0] Threads_lock - owner thread: 0x0000000017e57800
[0x000000000312d650] Heap_lock - owner thread: 0x000000000312e000

Heap:
 PSYoungGen      total 38400K, used 3336K [0x00000000d5d00000, 0x00000000d8780000, 0x0000000100000000)
  eden space 33280K, 10% used [0x00000000d5d00000,0x00000000d60421a8,0x00000000d7d80000)
  from space 5120K, 0% used [0x00000000d8280000,0x00000000d8280000,0x00000000d8780000)
  to   space 5120K, 0% used [0x00000000d7d80000,0x00000000d7d80000,0x00000000d8280000)
 ParOldGen       total 87552K, used 0K [0x0000000081600000, 0x0000000086b80000, 0x00000000d5d00000)
  object space 87552K, 0% used [0x0000000081600000,0x0000000081600000,0x0000000086b80000)
 Metaspace       used 3601K, capacity 4602K, committed 4864K, reserved 1056768K
  class space    used 414K, capacity 426K, committed 512K, reserved 1048576K

Card table byte_map: [0x00000000126f0000,0x0000000012af0000] byte_map_base: 0x00000000122e5000

Marking Bits: (ParMarkBitMap*) 0x000000006d03a6d0
 Begin Bits: [0x00000000131a0000, 0x0000000015148000)
 End Bits:   [0x0000000015148000, 0x00000000170f0000)

Polling page: 0x00000000018d0000

CodeCache: size=245760Kb used=1112Kb max_used=1112Kb free=244647Kb
 bounds [0x0000000003330000, 0x00000000035a0000, 0x0000000012330000]
 total_blobs=277 nmethods=25 adapters=174
 compilation: enabled

Compilation events (10 events):
Event: 0.528 Thread 0x0000000017ee9800   21       3       java.lang.String::indexOf (7 bytes)
Event: 0.528 Thread 0x0000000017ee9000   22       4       java.lang.String::charAt (29 bytes)
Event: 0.528 Thread 0x0000000017ee9800 nmethod 21 0x000000000343fa10 code [0x000000000343fb80, 0x000000000343fda8]
Event: 0.528 Thread 0x0000000017ee9800   23       3       java.lang.AbstractStringBuilder::append (50 bytes)
Event: 0.528 Thread 0x0000000017ee9800 nmethod 23 0x000000000343fe50 code [0x000000000343ffe0, 0x00000000034404e8]
Event: 0.529 Thread 0x0000000017ee9000 nmethod 22 0x00000000034433d0 code [0x0000000003443520, 0x0000000003443618]
Event: 0.532 Thread 0x0000000017ee9800   24       3       java.util.Arrays::copyOfRange (63 bytes)
Event: 0.533 Thread 0x0000000017ee9800 nmethod 24 0x0000000003441890 code [0x0000000003441aa0, 0x0000000003442618]
Event: 0.535 Thread 0x0000000017ee9800   25       3       java.lang.System::getSecurityManager (4 bytes)
Event: 0.535 Thread 0x0000000017ee9800 nmethod 25 0x0000000003441590 code [0x00000000034416e0, 0x0000000003441810]

GC Heap History (0 events):
No events

Deoptimization events (0 events):
No events

Internal exceptions (7 events):
Event: 0.040 Thread 0x000000000312e000 Exception <a 'java/lang/NoSuchMethodError': Method sun.misc.Unsafe.defineClass(Ljava/lang/String;[BII)Ljava/lang/Class; name or signature does not match> (0x00000000d5d07cc0) thrown at [C:\re\workspace\8-2-build-windows-amd64-cygwin\jdk8u101\7261\hotspot\s2çûãWO§?
Event: 0.040 Thread 0x000000000312e000 Exception <a 'java/lang/NoSuchMethodError': Method sun.misc.Unsafe.prefetchRead(Ljava/lang/Object;J)V name or signature does not match> (0x00000000d5d07fa8) thrown at [C:\re\workspace\8-2-build-windows-amd64-cygwin\jdk8u101\7261\hotspot\src\share\vm\prims\&ÿ—°À@
Event: 4.199 Thread 0x000000000312e000 Exception <a 'java/security/PrivilegedActionException'> (0x00000000d5d97bd0) thrown at [C:\re\workspace\8-2-build-windows-amd64-cygwin\jdk8u101\7261\hotspot\src\share\vm\prims\jvm.cpp, line 1386]
Event: 4.199 Thread 0x000000000312e000 Exception <a 'java/security/PrivilegedActionException'> (0x00000000d5d97fc8) thrown at [C:\re\workspace\8-2-build-windows-amd64-cygwin\jdk8u101\7261\hotspot\src\share\vm\prims\jvm.cpp, line 1386]
Event: 4.217 Thread 0x000000000312e000 Exception <a 'java/security/PrivilegedActionException'> (0x00000000d5d9c098) thrown at [C:\re\workspace\8-2-build-windows-amd64-cygwin\jdk8u101\7261\hotspot\src\share\vm\prims\jvm.cpp, line 1386]
Event: 4.217 Thread 0x000000000312e000 Exception <a 'java/security/PrivilegedActionException'> (0x00000000d5d9c490) thrown at [C:\re\workspace\8-2-build-windows-amd64-cygwin\jdk8u101\7261\hotspot\src\share\vm\prims\jvm.cpp, line 1386]
Event: 12.126 Thread 0x000000000312e000 Exception <a 'java/lang/ArrayIndexOutOfBoundsException': 85> (0x00000000d5f6c7d0) thrown at [C:\re\workspace\8-2-build-windows-amd64-cygwin\jdk8u101\7261\hotspot\src\share\vm\interpreter\interpreterRuntime.cpp, line 366]

Events (10 events):
Event: 14.104 loading class java/util/IdentityHashMap$KeySet
Event: 14.104 loading class java/util/IdentityHashMap$KeySet done
Event: 14.126 Thread 0x000000000312e000 Thread exited: 0x000000000312e000
Event: 14.127 Thread 0x000000000312e000 Thread added: 0x000000000312e000
Event: 14.127 Executing VM operation: EnterInterpOnlyMode
Event: 14.127 Executing VM operation: EnterInterpOnlyMode done
Event: 14.127 loading class java/lang/Shutdown
Event: 14.127 loading class java/lang/Shutdown done
Event: 14.127 loading class java/lang/Shutdown$Lock
Event: 14.127 loading class java/lang/Shutdown$Lock done


Dynamic libraries:
0x00007ff6fbef0000 - 0x00007ff6fbf27000 	C:\Program Files\Java\jdk1.8.0_101\bin\javaw.exe
0x00007ff885f20000 - 0x00007ff8860f1000 	C:\WINDOWS\SYSTEM32\ntdll.dll
0x00007ff884140000 - 0x00007ff8841eb000 	C:\WINDOWS\System32\KERNEL32.DLL
0x00007ff882640000 - 0x00007ff88285d000 	C:\WINDOWS\System32\KERNELBASE.dll
0x00007ff883d00000 - 0x00007ff883da2000 	C:\WINDOWS\System32\ADVAPI32.dll
0x00007ff8848a0000 - 0x00007ff88493e000 	C:\WINDOWS\System32\msvcrt.dll
0x00007ff884490000 - 0x00007ff8844e9000 	C:\WINDOWS\System32\sechost.dll
0x00007ff883ee0000 - 0x00007ff884001000 	C:\WINDOWS\System32\RPCRT4.dll
0x00007ff884590000 - 0x00007ff8846f5000 	C:\WINDOWS\System32\USER32.dll
0x00007ff882fb0000 - 0x00007ff882fce000 	C:\WINDOWS\System32\win32u.dll
0x00007ff883cb0000 - 0x00007ff883ce4000 	C:\WINDOWS\System32\GDI32.dll
0x00007ff882410000 - 0x00007ff882592000 	C:\WINDOWS\System32\gdi32full.dll
0x00007ff8719c0000 - 0x00007ff871c3a000 	C:\WINDOWS\WinSxS\amd64_microsoft.windows.common-controls_6595b64144ccf1df_6.0.14393.953_none_42151e83c686086b\COMCTL32.dll
0x00007ff8834d0000 - 0x00007ff883798000 	C:\WINDOWS\System32\combase.dll
0x00007ff8833b0000 - 0x00007ff8834a5000 	C:\WINDOWS\System32\ucrtbase.dll
0x00007ff882f40000 - 0x00007ff882faa000 	C:\WINDOWS\System32\bcryptPrimitives.dll
0x00007ff883db0000 - 0x00007ff883dde000 	C:\WINDOWS\System32\IMM32.DLL
0x000000006d980000 - 0x000000006da52000 	C:\Program Files\Java\jdk1.8.0_101\jre\bin\msvcr100.dll
0x000000006c820000 - 0x000000006d0ba000 	C:\Program Files\Java\jdk1.8.0_101\jre\bin\server\jvm.dll
0x00007ff885f10000 - 0x00007ff885f18000 	C:\WINDOWS\System32\PSAPI.DLL
0x00007ff869130000 - 0x00007ff869139000 	C:\WINDOWS\SYSTEM32\WSOCK32.dll
0x00007ff8837a0000 - 0x00007ff88380a000 	C:\WINDOWS\System32\WS2_32.dll
0x00007ff880860000 - 0x00007ff880883000 	C:\WINDOWS\SYSTEM32\WINMM.dll
0x00007ff86cb60000 - 0x00007ff86cb6a000 	C:\WINDOWS\SYSTEM32\VERSION.dll
0x00007ff880830000 - 0x00007ff88085b000 	C:\WINDOWS\SYSTEM32\WINMMBASE.dll
0x00007ff882fd0000 - 0x00007ff883012000 	C:\WINDOWS\System32\cfgmgr32.dll
0x000000006c810000 - 0x000000006c81f000 	C:\Program Files\Java\jdk1.8.0_101\jre\bin\verify.dll
0x000000006c7e0000 - 0x000000006c809000 	C:\Program Files\Java\jdk1.8.0_101\jre\bin\java.dll
0x000000006c740000 - 0x000000006c775000 	C:\Program Files\Java\jdk1.8.0_101\jre\bin\jdwp.dll
0x000000006c730000 - 0x000000006c738000 	C:\Program Files\Java\jdk1.8.0_101\jre\bin\npt.dll
0x000000006c7c0000 - 0x000000006c7d6000 	C:\Program Files\Java\jdk1.8.0_101\jre\bin\zip.dll
0x00007ff884a00000 - 0x00007ff885f09000 	C:\WINDOWS\System32\SHELL32.dll
0x00007ff882860000 - 0x00007ff882f3a000 	C:\WINDOWS\System32\windows.storage.dll
0x00007ff882380000 - 0x00007ff8823cc000 	C:\WINDOWS\System32\powrprof.dll
0x00007ff884070000 - 0x00007ff8840c2000 	C:\WINDOWS\System32\shlwapi.dll
0x00007ff8823d0000 - 0x00007ff8823df000 	C:\WINDOWS\System32\kernel.appcore.dll
0x00007ff883300000 - 0x00007ff8833a9000 	C:\WINDOWS\System32\shcore.dll
0x00007ff8823e0000 - 0x00007ff8823f4000 	C:\WINDOWS\System32\profapi.dll
0x000000006c720000 - 0x000000006c729000 	C:\Program Files\Java\jdk1.8.0_101\jre\bin\dt_socket.dll
0x00007ff871f60000 - 0x00007ff871f76000 	C:\WINDOWS\system32\napinsp.dll
0x00007ff871f90000 - 0x00007ff871faa000 	C:\WINDOWS\system32\pnrpnsp.dll
0x00007ff8800b0000 - 0x00007ff8800c8000 	C:\WINDOWS\system32\NLAapi.dll
0x00007ff881cb0000 - 0x00007ff881d0c000 	C:\WINDOWS\System32\mswsock.dll
0x00007ff881a70000 - 0x00007ff881b11000 	C:\WINDOWS\SYSTEM32\DNSAPI.dll
0x00007ff884130000 - 0x00007ff884138000 	C:\WINDOWS\System32\NSI.dll
0x00007ff881a30000 - 0x00007ff881a68000 	C:\WINDOWS\SYSTEM32\IPHLPAPI.DLL
0x00007ff871f80000 - 0x00007ff871f8e000 	C:\WINDOWS\System32\winrnr.dll
0x00007ff871fb0000 - 0x00007ff871fc5000 	C:\WINDOWS\System32\wshbth.dll
0x00007ff87dd40000 - 0x00007ff87ddaa000 	C:\WINDOWS\System32\fwpuclnt.dll
0x00007ff8822c0000 - 0x00007ff8822eb000 	C:\WINDOWS\SYSTEM32\bcrypt.dll
0x00007ff87a040000 - 0x00007ff87a04a000 	C:\Windows\System32\rasadhlp.dll
0x000000006c7a0000 - 0x000000006c7ba000 	C:\Program Files\Java\jdk1.8.0_101\jre\bin\net.dll
0x000000006c780000 - 0x000000006c791000 	C:\Program Files\Java\jdk1.8.0_101\jre\bin\nio.dll
0x00007ff87e5c0000 - 0x00007ff87e752000 	C:\WINDOWS\SYSTEM32\dbghelp.dll

VM Arguments:
jvm_args: -agentlib:jdwp=transport=dt_socket,suspend=y,address=localhost:51199 -Dfile.encoding=Cp1252 
java_command: com.bayviewglen.horserace.HorseRacingAssignment
java_class_path (initial): C:\Users\ggerges\Google Drive\Computer Science\Workspaces\Workspace 1\Horse Racing\bin
Launcher Type: SUN_STANDARD

Environment Variables:
PATH=C:\Program Files\Java\jdk1.8.0_101\jre\bin;C:/Program Files/Java/jre1.8.0_101/bin/server;C:/Program Files/Java/jre1.8.0_101/bin;C:/Program Files/Java/jre1.8.0_101/lib/amd64;C:\ProgramData\Oracle\Java\javapath;C:\WINDOWS\system32;C:\WINDOWS;C:\WINDOWS\System32\Wbem;C:\WINDOWS\System32\WindowsPowerShell\v1.0\;C:\Program Files (x86)\Windows Live\Shared;C:\Program Files (x86)\Skype\Phone\;C:\Users\ggerges\AppData\Local\Microsoft\WindowsApps;;C:\Users\ggerges\eclipse\java-neon\eclipse;
USERNAME=ggerges
OS=Windows_NT
PROCESSOR_IDENTIFIER=Intel64 Family 6 Model 69 Stepping 1, GenuineIntel



---------------  S Y S T E M  ---------------

OS: Windows 10.0 , 64 bit Build 14393 (10.0.14393.0)

CPU:total 4 (2 cores per cpu, 2 threads per core) family 6 model 69 stepping 1, cmov, cx8, fxsr, mmx, sse, sse2, sse3, ssse3, sse4.1, sse4.2, popcnt, avx, avx2, aes, clmul, erms, lzcnt, ht, tsc, tscinvbit, bmi1, bmi2

Memory: 4k page, physical 8291376k(4197384k free), swap 11222468k(5432004k free)

vm_info: Java HotSpot(TM) 64-Bit Server VM (25.101-b13) for windows-amd64 JRE (1.8.0_101-b13), built on Jun 22 2016 01:21:29 by "java_re" with MS VC++ 10.0 (VS2010)

time: Sun Apr 02 17:52:34 2017
elapsed time: 14 seconds (0d 0h 0m 14s)

