#
# A fatal error has been detected by the Java Runtime Environment:
#
#  EXCEPTION_ACCESS_VIOLATION (0xc0000005) at pc=0x000000006c94a0a5, pid=11732, tid=0x0000000000001d84
#
# JRE version: Java(TM) SE Runtime Environment (8.0_101-b13) (build 1.8.0_101-b13)
# Java VM: Java HotSpot(TM) 64-Bit Server VM (25.101-b13 mixed mode windows-amd64 compressed oops)
# Problematic frame:
# V  [jvm.dll+0x12a0a5]
#
# Failed to write core dump. Minidumps are not enabled by default on client versions of Windows
#
# If you would like to submit a bug report, please visit:
#   http://bugreport.java.com/bugreport/crash.jsp
#

---------------  T H R E A D  ---------------

Current thread (0x00000000172b2800):  JavaThread "JDWP Transport Listener: dt_socket" daemon [_thread_in_vm, id=7556, stack(0x0000000018c20000,0x0000000018d20000)]

siginfo: ExceptionCode=0xc0000005, reading address 0x000000000000014a

Registers:
RAX=0x0000000018d1f301, RBX=0x00000000172b2800, RCX=0x000000000000014a, RDX=0x0000000000000000
RSP=0x0000000018d1f340, RBP=0x000000000000014a, RSI=0x0000000018d1f458, RDI=0x0000000002539c60
R8 =0x00000000172b2800, R9 =0x0000000000008000, R10=0x0000000000000000, R11=0x0000000019140151
R12=0x0000000000000000, R13=0x00000000172a72c8, R14=0x0000000000000000, R15=0x0000000000000000
RIP=0x000000006c94a0a5, EFLAGS=0x0000000000010202

Top of Stack: (sp=0x0000000018d1f340)
0x0000000018d1f340:   00000000172b2800 00000000191e3a90
0x0000000018d1f350:   0000000018d1f408 000000006cb52f0b
0x0000000018d1f360:   00000000172b2800 000000006cb6f76d
0x0000000018d1f370:   0000000000000000 000000006c7b9155
0x0000000018d1f380:   000000001915e930 000000006c7c291e
0x0000000018d1f390:   00000000172b2800 0000000000000000
0x0000000018d1f3a0:   0000000000000000 0000000000000000
0x0000000018d1f3b0:   000000000000014a 000000006c7c1a15
0x0000000018d1f3c0:   0000000018d1f458 0000000018d1f430
0x0000000018d1f3d0:   0000000000000001 000000001915e930
0x0000000018d1f3e0:   000000000000014a 000000006c7a53b3
0x0000000018d1f3f0:   0000000018d1f520 0000000000000001
0x0000000018d1f400:   0000000000000001 000000001915e930
0x0000000018d1f410:   000000000000000a 0000000000000000
0x0000000018d1f420:   0000000000000000 0000000000000000
0x0000000018d1f430:   0000000000000001 000000006c7a5571 

Instructions: (pc=0x000000006c94a0a5)
0x000000006c94a085:   cc cc cc cc cc cc cc cc cc cc cc 48 83 ec 28 48
0x000000006c94a095:   85 c9 75 07 33 c0 48 83 c4 28 c3 48 89 5c 24 20
0x000000006c94a0a5:   48 8b 19 48 85 db 74 20 48 83 fb 37 74 1a 48 8b
0x000000006c94a0b5:   13 48 8b cb ff 52 10 84 c0 74 0d 48 8b c3 48 8b 


Register to memory mapping:

RAX=0x0000000018d1f301 is pointing into the stack for thread: 0x00000000172b2800
RBX=0x00000000172b2800 is a thread
RCX=0x000000000000014a is an unknown value
RDX=0x0000000000000000 is an unknown value
RSP=0x0000000018d1f340 is pointing into the stack for thread: 0x00000000172b2800
RBP=0x000000000000014a is an unknown value
RSI=0x0000000018d1f458 is pointing into the stack for thread: 0x00000000172b2800
RDI=0x0000000002539c60 is an unknown value
R8 =0x00000000172b2800 is a thread
R9 =0x0000000000008000 is an unknown value
R10=0x0000000000000000 is an unknown value
R11=0x0000000019140151 is an unknown value
R12=0x0000000000000000 is an unknown value
R13=0x00000000172a72c8 is an unknown value
R14=0x0000000000000000 is an unknown value
R15=0x0000000000000000 is an unknown value


Stack: [0x0000000018c20000,0x0000000018d20000],  sp=0x0000000018d1f340,  free space=1020k
Native frames: (J=compiled Java code, j=interpreted, Vv=VM code, C=native code)
V  [jvm.dll+0x12a0a5]
V  [jvm.dll+0x34f76d]
C  [jdwp.dll+0x21a15]
C  [jdwp.dll+0x53b3]
C  [jdwp.dll+0x5571]
C  [jdwp.dll+0xf0a8]
C  [jdwp.dll+0x1f2d5]
C  [jdwp.dll+0x1f4aa]
V  [jvm.dll+0x1bd258]
V  [jvm.dll+0x2451a4]
V  [jvm.dll+0x29c18a]
C  [msvcr100.dll+0x21d9f]
C  [msvcr100.dll+0x21e3b]
C  [KERNEL32.DLL+0x8364]
C  [ntdll.dll+0x670d1]


---------------  P R O C E S S  ---------------

Java Threads: ( => current thread )
  0x0000000019159000 JavaThread "Service Thread" daemon [_thread_blocked, id=6348, stack(0x0000000019620000,0x0000000019720000)]
  0x0000000019148800 JavaThread "C1 CompilerThread2" daemon [_thread_blocked, id=9300, stack(0x0000000019520000,0x0000000019620000)]
  0x00000000172cb000 JavaThread "C2 CompilerThread1" daemon [_thread_blocked, id=1200, stack(0x0000000019020000,0x0000000019120000)]
  0x00000000172c4000 JavaThread "C2 CompilerThread0" daemon [_thread_blocked, id=1528, stack(0x0000000018f20000,0x0000000019020000)]
  0x00000000172b8800 JavaThread "JDWP Command Reader" daemon [_thread_in_native, id=10036, stack(0x0000000018e20000,0x0000000018f20000)]
  0x00000000172b5000 JavaThread "JDWP Event Helper Thread" daemon [_thread_blocked, id=10868, stack(0x0000000018d20000,0x0000000018e20000)]
=>0x00000000172b2800 JavaThread "JDWP Transport Listener: dt_socket" daemon [_thread_in_vm, id=7556, stack(0x0000000018c20000,0x0000000018d20000)]
  0x000000001729d800 JavaThread "Attach Listener" daemon [_thread_blocked, id=11472, stack(0x00000000187e0000,0x00000000188e0000)]
  0x000000001729b000 JavaThread "Signal Dispatcher" daemon [_thread_blocked, id=11428, stack(0x00000000186e0000,0x00000000187e0000)]
  0x0000000017289000 JavaThread "Finalizer" daemon [_thread_blocked, id=4248, stack(0x00000000184f0000,0x00000000185f0000)]
  0x0000000002731000 JavaThread "Reference Handler" daemon [_thread_blocked, id=8800, stack(0x00000000183f0000,0x00000000184f0000)]
  0x000000000253e000 JavaThread "main" [_thread_in_native, id=11936, stack(0x0000000002540000,0x0000000002640000)]

Other Threads:
  0x0000000017267000 VMThread [stack: 0x00000000182f0000,0x00000000183f0000] [id=9696]
  0x0000000019161800 WatcherThread [stack: 0x0000000019720000,0x0000000019820000] [id=3720]

VM state:not at safepoint (normal execution)

VM Mutex/Monitor currently owned by a thread: None

Heap:
 PSYoungGen      total 38400K, used 2670K [0x00000000d5d00000, 0x00000000d8780000, 0x0000000100000000)
  eden space 33280K, 8% used [0x00000000d5d00000,0x00000000d5f9b9d0,0x00000000d7d80000)
  from space 5120K, 0% used [0x00000000d8280000,0x00000000d8280000,0x00000000d8780000)
  to   space 5120K, 0% used [0x00000000d7d80000,0x00000000d7d80000,0x00000000d8280000)
 ParOldGen       total 87552K, used 0K [0x0000000081600000, 0x0000000086b80000, 0x00000000d5d00000)
  object space 87552K, 0% used [0x0000000081600000,0x0000000081600000,0x0000000086b80000)
 Metaspace       used 4038K, capacity 5088K, committed 5376K, reserved 1056768K
  class space    used 423K, capacity 464K, committed 512K, reserved 1048576K

Card table byte_map: [0x0000000011b00000,0x0000000011f00000] byte_map_base: 0x00000000116f5000

Marking Bits: (ParMarkBitMap*) 0x000000006d03a6d0
 Begin Bits: [0x00000000125b0000, 0x0000000014558000)
 End Bits:   [0x0000000014558000, 0x0000000016500000)

Polling page: 0x0000000000ea0000

CodeCache: size=245760Kb used=1118Kb max_used=1118Kb free=244641Kb
 bounds [0x0000000002740000, 0x00000000029b0000, 0x0000000011740000]
 total_blobs=280 nmethods=28 adapters=174
 compilation: enabled

Compilation events (10 events):
Event: 0.370 Thread 0x0000000019148800   24       3       java.lang.String::indexOf (7 bytes)
Event: 0.371 Thread 0x0000000019148800 nmethod 24 0x0000000002851e50 code [0x0000000002851fc0, 0x00000000028521e8]
Event: 0.371 Thread 0x0000000019148800   25       3       java.lang.AbstractStringBuilder::append (50 bytes)
Event: 0.371 Thread 0x00000000172cb000   26       4       java.lang.String::charAt (29 bytes)
Event: 0.372 Thread 0x0000000019148800 nmethod 25 0x0000000002852290 code [0x0000000002852420, 0x0000000002852928]
Event: 0.373 Thread 0x00000000172cb000 nmethod 26 0x0000000002855810 code [0x0000000002855960, 0x0000000002855a58]
Event: 0.386 Thread 0x0000000019148800   27       3       java.lang.StringBuilder::append (8 bytes)
Event: 0.386 Thread 0x0000000019148800 nmethod 27 0x0000000002854c50 code [0x0000000002854dc0, 0x0000000002854f68]
Event: 0.392 Thread 0x0000000019148800   28       3       java.lang.System::getSecurityManager (4 bytes)
Event: 0.392 Thread 0x0000000019148800 nmethod 28 0x0000000002854950 code [0x0000000002854aa0, 0x0000000002854bd0]

GC Heap History (0 events):
No events

Deoptimization events (0 events):
No events

Internal exceptions (6 events):
Event: 0.087 Thread 0x000000000253e000 Exception <a 'java/lang/NoSuchMethodError': Method sun.misc.Unsafe.defineClass(Ljava/lang/String;[BII)Ljava/lang/Class; name or signature does not match> (0x00000000d5d07cc0) thrown at [C:\re\workspace\8-2-build-windows-amd64-cygwin\jdk8u101\7261\hotspot\s/á=¶?
Event: 0.087 Thread 0x000000000253e000 Exception <a 'java/lang/NoSuchMethodError': Method sun.misc.Unsafe.prefetchRead(Ljava/lang/Object;J)V name or signature does not match> (0x00000000d5d07fa8) thrown at [C:\re\workspace\8-2-build-windows-amd64-cygwin\jdk8u101\7261\hotspot\src\share\vm\prims\ÑQèè½@
Event: 2.468 Thread 0x000000000253e000 Exception <a 'java/security/PrivilegedActionException'> (0x00000000d5d96e98) thrown at [C:\re\workspace\8-2-build-windows-amd64-cygwin\jdk8u101\7261\hotspot\src\share\vm\prims\jvm.cpp, line 1386]
Event: 2.468 Thread 0x000000000253e000 Exception <a 'java/security/PrivilegedActionException'> (0x00000000d5d97290) thrown at [C:\re\workspace\8-2-build-windows-amd64-cygwin\jdk8u101\7261\hotspot\src\share\vm\prims\jvm.cpp, line 1386]
Event: 2.519 Thread 0x000000000253e000 Exception <a 'java/security/PrivilegedActionException'> (0x00000000d5d9b360) thrown at [C:\re\workspace\8-2-build-windows-amd64-cygwin\jdk8u101\7261\hotspot\src\share\vm\prims\jvm.cpp, line 1386]
Event: 2.520 Thread 0x000000000253e000 Exception <a 'java/security/PrivilegedActionException'> (0x00000000d5d9b758) thrown at [C:\re\workspace\8-2-build-windows-amd64-cygwin\jdk8u101\7261\hotspot\src\share\vm\prims\jvm.cpp, line 1386]

Events (10 events):
Event: 4374.581 Executing VM operation: ChangeBreakpoints
Event: 4374.581 Executing VM operation: ChangeBreakpoints done
Event: 4381.186 Executing VM operation: RedefineClasses
Event: 4381.186 Executing VM operation: RedefineClasses done
Event: 4381.190 Executing VM operation: ChangeBreakpoints
Event: 4381.190 Executing VM operation: ChangeBreakpoints done
Event: 4381.212 Executing VM operation: ChangeBreakpoints
Event: 4381.212 Executing VM operation: ChangeBreakpoints done
Event: 4514.027 Executing VM operation: RedefineClasses
Event: 4514.028 Executing VM operation: RedefineClasses done


Dynamic libraries:
0x00007ff6fbef0000 - 0x00007ff6fbf27000 	C:\Program Files\Java\jdk1.8.0_101\bin\javaw.exe
0x00007ff885f20000 - 0x00007ff8860f1000 	C:\WINDOWS\SYSTEM32\ntdll.dll
0x00007ff884140000 - 0x00007ff8841eb000 	C:\WINDOWS\System32\KERNEL32.DLL
0x00007ff882640000 - 0x00007ff88285d000 	C:\WINDOWS\System32\KERNELBASE.dll
0x00007ff883d00000 - 0x00007ff883da2000 	C:\WINDOWS\System32\ADVAPI32.dll
0x00007ff8848a0000 - 0x00007ff88493e000 	C:\WINDOWS\System32\msvcrt.dll
0x00007ff884490000 - 0x00007ff8844e9000 	C:\WINDOWS\System32\sechost.dll
0x00007ff883ee0000 - 0x00007ff884001000 	C:\WINDOWS\System32\RPCRT4.dll
0x00007ff884590000 - 0x00007ff8846f5000 	C:\WINDOWS\System32\USER32.dll
0x00007ff882fb0000 - 0x00007ff882fce000 	C:\WINDOWS\System32\win32u.dll
0x00007ff883cb0000 - 0x00007ff883ce4000 	C:\WINDOWS\System32\GDI32.dll
0x00007ff882410000 - 0x00007ff882592000 	C:\WINDOWS\System32\gdi32full.dll
0x00007ff8719c0000 - 0x00007ff871c3a000 	C:\WINDOWS\WinSxS\amd64_microsoft.windows.common-controls_6595b64144ccf1df_6.0.14393.953_none_42151e83c686086b\COMCTL32.dll
0x00007ff8834d0000 - 0x00007ff883798000 	C:\WINDOWS\System32\combase.dll
0x00007ff8833b0000 - 0x00007ff8834a5000 	C:\WINDOWS\System32\ucrtbase.dll
0x00007ff882f40000 - 0x00007ff882faa000 	C:\WINDOWS\System32\bcryptPrimitives.dll
0x00007ff883db0000 - 0x00007ff883dde000 	C:\WINDOWS\System32\IMM32.DLL
0x000000006d980000 - 0x000000006da52000 	C:\Program Files\Java\jdk1.8.0_101\jre\bin\msvcr100.dll
0x000000006c820000 - 0x000000006d0ba000 	C:\Program Files\Java\jdk1.8.0_101\jre\bin\server\jvm.dll
0x00007ff885f10000 - 0x00007ff885f18000 	C:\WINDOWS\System32\PSAPI.DLL
0x00007ff880860000 - 0x00007ff880883000 	C:\WINDOWS\SYSTEM32\WINMM.dll
0x00007ff869130000 - 0x00007ff869139000 	C:\WINDOWS\SYSTEM32\WSOCK32.dll
0x00007ff880830000 - 0x00007ff88085b000 	C:\WINDOWS\SYSTEM32\WINMMBASE.dll
0x00007ff882fd0000 - 0x00007ff883012000 	C:\WINDOWS\System32\cfgmgr32.dll
0x00007ff86cb60000 - 0x00007ff86cb6a000 	C:\WINDOWS\SYSTEM32\VERSION.dll
0x00007ff8837a0000 - 0x00007ff88380a000 	C:\WINDOWS\System32\WS2_32.dll
0x000000006c810000 - 0x000000006c81f000 	C:\Program Files\Java\jdk1.8.0_101\jre\bin\verify.dll
0x000000006c7e0000 - 0x000000006c809000 	C:\Program Files\Java\jdk1.8.0_101\jre\bin\java.dll
0x000000006c7a0000 - 0x000000006c7d5000 	C:\Program Files\Java\jdk1.8.0_101\jre\bin\jdwp.dll
0x000000006c790000 - 0x000000006c798000 	C:\Program Files\Java\jdk1.8.0_101\jre\bin\npt.dll
0x000000006c770000 - 0x000000006c786000 	C:\Program Files\Java\jdk1.8.0_101\jre\bin\zip.dll
0x00007ff884a00000 - 0x00007ff885f09000 	C:\WINDOWS\System32\SHELL32.dll
0x00007ff882860000 - 0x00007ff882f3a000 	C:\WINDOWS\System32\windows.storage.dll
0x00007ff882380000 - 0x00007ff8823cc000 	C:\WINDOWS\System32\powrprof.dll
0x00007ff884070000 - 0x00007ff8840c2000 	C:\WINDOWS\System32\shlwapi.dll
0x00007ff8823d0000 - 0x00007ff8823df000 	C:\WINDOWS\System32\kernel.appcore.dll
0x00007ff883300000 - 0x00007ff8833a9000 	C:\WINDOWS\System32\shcore.dll
0x00007ff8823e0000 - 0x00007ff8823f4000 	C:\WINDOWS\System32\profapi.dll
0x000000006c760000 - 0x000000006c769000 	C:\Program Files\Java\jdk1.8.0_101\jre\bin\dt_socket.dll
0x00007ff871f60000 - 0x00007ff871f76000 	C:\WINDOWS\system32\napinsp.dll
0x00007ff871f90000 - 0x00007ff871faa000 	C:\WINDOWS\system32\pnrpnsp.dll
0x00007ff8800b0000 - 0x00007ff8800c8000 	C:\WINDOWS\system32\NLAapi.dll
0x00007ff881cb0000 - 0x00007ff881d0c000 	C:\WINDOWS\System32\mswsock.dll
0x00007ff881a70000 - 0x00007ff881b11000 	C:\WINDOWS\SYSTEM32\DNSAPI.dll
0x00007ff884130000 - 0x00007ff884138000 	C:\WINDOWS\System32\NSI.dll
0x00007ff881a30000 - 0x00007ff881a68000 	C:\WINDOWS\SYSTEM32\IPHLPAPI.DLL
0x00007ff871f80000 - 0x00007ff871f8e000 	C:\WINDOWS\System32\winrnr.dll
0x00007ff871fb0000 - 0x00007ff871fc5000 	C:\WINDOWS\System32\wshbth.dll
0x00007ff87dd40000 - 0x00007ff87ddaa000 	C:\WINDOWS\System32\fwpuclnt.dll
0x00007ff8822c0000 - 0x00007ff8822eb000 	C:\WINDOWS\SYSTEM32\bcrypt.dll
0x00007ff87a040000 - 0x00007ff87a04a000 	C:\Windows\System32\rasadhlp.dll
0x000000006c740000 - 0x000000006c75a000 	C:\Program Files\Java\jdk1.8.0_101\jre\bin\net.dll
0x000000006c720000 - 0x000000006c731000 	C:\Program Files\Java\jdk1.8.0_101\jre\bin\nio.dll
0x00007ff87e5c0000 - 0x00007ff87e752000 	C:\WINDOWS\SYSTEM32\dbghelp.dll

VM Arguments:
jvm_args: -agentlib:jdwp=transport=dt_socket,suspend=y,address=localhost:58831 -Dfile.encoding=Cp1252 
java_command: com.bayviewglen.horserace.HorseRacingAssignment
java_class_path (initial): C:\Users\ggerges\Google Drive\Computer Science\Workspaces\Workspace 1\Horse Racing\bin
Launcher Type: SUN_STANDARD

Environment Variables:
PATH=C:\Program Files\Java\jdk1.8.0_101\jre\bin;C:/Program Files/Java/jre1.8.0_101/bin/server;C:/Program Files/Java/jre1.8.0_101/bin;C:/Program Files/Java/jre1.8.0_101/lib/amd64;C:\ProgramData\Oracle\Java\javapath;C:\WINDOWS\system32;C:\WINDOWS;C:\WINDOWS\System32\Wbem;C:\WINDOWS\System32\WindowsPowerShell\v1.0\;C:\Program Files (x86)\Windows Live\Shared;C:\Program Files (x86)\Skype\Phone\;C:\Users\ggerges\AppData\Local\Microsoft\WindowsApps;;C:\Users\ggerges\eclipse\java-neon\eclipse;
USERNAME=ggerges
OS=Windows_NT
PROCESSOR_IDENTIFIER=Intel64 Family 6 Model 69 Stepping 1, GenuineIntel



---------------  S Y S T E M  ---------------

OS: Windows 10.0 , 64 bit Build 14393 (10.0.14393.0)

CPU:total 4 (2 cores per cpu, 2 threads per core) family 6 model 69 stepping 1, cmov, cx8, fxsr, mmx, sse, sse2, sse3, ssse3, sse4.1, sse4.2, popcnt, avx, avx2, aes, clmul, erms, lzcnt, ht, tsc, tscinvbit, bmi1, bmi2

Memory: 4k page, physical 8291376k(3260948k free), swap 9602096k(2188964k free)

vm_info: Java HotSpot(TM) 64-Bit Server VM (25.101-b13) for windows-amd64 JRE (1.8.0_101-b13), built on Jun 22 2016 01:21:29 by "java_re" with MS VC++ 10.0 (VS2010)

time: Sat Apr 01 22:18:00 2017
elapsed time: 4514 seconds (0d 1h 15m 14s)

