#
# A fatal error has been detected by the Java Runtime Environment:
#
#  EXCEPTION_ACCESS_VIOLATION (0xc0000005) at pc=0x000000006c94a0a5, pid=11816, tid=0x0000000000001aa4
#
# JRE version: Java(TM) SE Runtime Environment (8.0_101-b13) (build 1.8.0_101-b13)
# Java VM: Java HotSpot(TM) 64-Bit Server VM (25.101-b13 mixed mode windows-amd64 compressed oops)
# Problematic frame:
# V  [jvm.dll+0x12a0a5]
#
# Failed to write core dump. Minidumps are not enabled by default on client versions of Windows
#
# If you would like to submit a bug report, please visit:
#   http://bugreport.java.com/bugreport/crash.jsp
#

---------------  T H R E A D  ---------------

Current thread (0x0000000017c75000):  JavaThread "JDWP Transport Listener: dt_socket" daemon [_thread_in_vm, id=6820, stack(0x00000000195f0000,0x00000000196f0000)]

siginfo: ExceptionCode=0xc0000005, reading address 0x00000000000000bb

Registers:
RAX=0x00000000196ef301, RBX=0x0000000017c75000, RCX=0x00000000000000bb, RDX=0x0000000000000000
RSP=0x00000000196ef2d0, RBP=0x00000000000000bb, RSI=0x00000000196ef3e8, RDI=0x0000000002f09c60
R8 =0x0000000017c75000, R9 =0x0000000000008000, R10=0x0000000000000000, R11=0x0000000019ba3128
R12=0x0000000000000000, R13=0x0000000017c80fc8, R14=0x0000000000000000, R15=0x0000000000000000
RIP=0x000000006c94a0a5, EFLAGS=0x0000000000010206

Top of Stack: (sp=0x00000000196ef2d0)
0x00000000196ef2d0:   0000000017c75000 0000000017c75000
0x00000000196ef2e0:   00000000196ef398 000000006cb52f0b
0x00000000196ef2f0:   0000000017c75000 000000006cb6f76d
0x00000000196ef300:   0000000000000000 000000006c7b9155
0x00000000196ef310:   0000000019b2f680 000000006c7c291e
0x00000000196ef320:   0000000017c75000 0000000000000000
0x00000000196ef330:   0000000000000000 0000000000000000
0x00000000196ef340:   00000000000000bb 000000006c7c1a15
0x00000000196ef350:   00000000196ef3e8 00000000196ef3c0
0x00000000196ef360:   0000000000000001 0000000019b2f680
0x00000000196ef370:   00000000000000bb 000000006c7a53b3
0x00000000196ef380:   00000000196ef4b0 0000000000000001
0x00000000196ef390:   0000000000000001 0000000019b2f680
0x00000000196ef3a0:   000000000000000a 0000000000000000
0x00000000196ef3b0:   0000000000000000 0000000000000000
0x00000000196ef3c0:   0000000000000001 000000006c7a5571 

Instructions: (pc=0x000000006c94a0a5)
0x000000006c94a085:   cc cc cc cc cc cc cc cc cc cc cc 48 83 ec 28 48
0x000000006c94a095:   85 c9 75 07 33 c0 48 83 c4 28 c3 48 89 5c 24 20
0x000000006c94a0a5:   48 8b 19 48 85 db 74 20 48 83 fb 37 74 1a 48 8b
0x000000006c94a0b5:   13 48 8b cb ff 52 10 84 c0 74 0d 48 8b c3 48 8b 


Register to memory mapping:

RAX=0x00000000196ef301 is pointing into the stack for thread: 0x0000000017c75000
RBX=0x0000000017c75000 is a thread
RCX=0x00000000000000bb is an unknown value
RDX=0x0000000000000000 is an unknown value
RSP=0x00000000196ef2d0 is pointing into the stack for thread: 0x0000000017c75000
RBP=0x00000000000000bb is an unknown value
RSI=0x00000000196ef3e8 is pointing into the stack for thread: 0x0000000017c75000
RDI=0x0000000002f09c60 is an unknown value
R8 =0x0000000017c75000 is a thread
R9 =0x0000000000008000 is an unknown value
R10=0x0000000000000000 is an unknown value
R11=0x0000000019ba3128 is an unknown value
R12=0x0000000000000000 is an unknown value
R13=0x0000000017c80fc8 is an unknown value
R14=0x0000000000000000 is an unknown value
R15=0x0000000000000000 is an unknown value


Stack: [0x00000000195f0000,0x00000000196f0000],  sp=0x00000000196ef2d0,  free space=1020k
Native frames: (J=compiled Java code, j=interpreted, Vv=VM code, C=native code)
V  [jvm.dll+0x12a0a5]
V  [jvm.dll+0x34f76d]
C  [jdwp.dll+0x21a15]
C  [jdwp.dll+0x53b3]
C  [jdwp.dll+0x5571]
C  [jdwp.dll+0xf0a8]
C  [jdwp.dll+0x1f2d5]
C  [jdwp.dll+0x1f4aa]
V  [jvm.dll+0x1bd258]
V  [jvm.dll+0x2451a4]
V  [jvm.dll+0x29c18a]
C  [msvcr100.dll+0x21d9f]
C  [msvcr100.dll+0x21e3b]
C  [KERNEL32.DLL+0x8364]
C  [ntdll.dll+0x670d1]


---------------  P R O C E S S  ---------------

Java Threads: ( => current thread )
  0x0000000019b29800 JavaThread "Service Thread" daemon [_thread_blocked, id=2392, stack(0x0000000019ff0000,0x000000001a0f0000)]
  0x0000000017cce800 JavaThread "C1 CompilerThread2" daemon [_thread_blocked, id=2372, stack(0x0000000019ef0000,0x0000000019ff0000)]
  0x0000000017cb1000 JavaThread "C2 CompilerThread1" daemon [_thread_blocked, id=9196, stack(0x00000000199f0000,0x0000000019af0000)]
  0x0000000017c97800 JavaThread "C2 CompilerThread0" daemon [_thread_blocked, id=7216, stack(0x00000000198f0000,0x00000000199f0000)]
  0x0000000017c87800 JavaThread "JDWP Command Reader" daemon [_thread_in_native, id=13072, stack(0x00000000197f0000,0x00000000198f0000)]
  0x0000000017c83800 JavaThread "JDWP Event Helper Thread" daemon [_thread_blocked, id=1192, stack(0x00000000196f0000,0x00000000197f0000)]
=>0x0000000017c75000 JavaThread "JDWP Transport Listener: dt_socket" daemon [_thread_in_vm, id=6820, stack(0x00000000195f0000,0x00000000196f0000)]
  0x0000000017c6c000 JavaThread "Attach Listener" daemon [_thread_blocked, id=10584, stack(0x00000000191b0000,0x00000000192b0000)]
  0x0000000017c6b000 JavaThread "Signal Dispatcher" daemon [_thread_blocked, id=13076, stack(0x00000000190b0000,0x00000000191b0000)]
  0x0000000017c59000 JavaThread "Finalizer" daemon [_thread_blocked, id=10092, stack(0x0000000018ec0000,0x0000000018fc0000)]
  0x0000000003101000 JavaThread "Reference Handler" daemon [_thread_blocked, id=11860, stack(0x0000000018dc0000,0x0000000018ec0000)]
  0x0000000002f0e000 JavaThread "main" [_thread_blocked, id=2076, stack(0x0000000002f10000,0x0000000003010000)]

Other Threads:
  0x0000000017c37000 VMThread [stack: 0x0000000018cc0000,0x0000000018dc0000] [id=11776]
  0x0000000019b30000 WatcherThread [stack: 0x000000001a0f0000,0x000000001a1f0000] [id=11552]

VM state:not at safepoint (normal execution)

VM Mutex/Monitor currently owned by a thread: None

Heap:
 PSYoungGen      total 38400K, used 1996K [0x00000000d5d00000, 0x00000000d8780000, 0x0000000100000000)
  eden space 33280K, 6% used [0x00000000d5d00000,0x00000000d5ef3360,0x00000000d7d80000)
  from space 5120K, 0% used [0x00000000d8280000,0x00000000d8280000,0x00000000d8780000)
  to   space 5120K, 0% used [0x00000000d7d80000,0x00000000d7d80000,0x00000000d8280000)
 ParOldGen       total 87552K, used 0K [0x0000000081600000, 0x0000000086b80000, 0x00000000d5d00000)
  object space 87552K, 0% used [0x0000000081600000,0x0000000081600000,0x0000000086b80000)
 Metaspace       used 2834K, capacity 4694K, committed 4864K, reserved 1056768K
  class space    used 290K, capacity 390K, committed 512K, reserved 1048576K

Card table byte_map: [0x00000000124d0000,0x00000000128d0000] byte_map_base: 0x00000000120c5000

Marking Bits: (ParMarkBitMap*) 0x000000006d03a6d0
 Begin Bits: [0x0000000012f80000, 0x0000000014f28000)
 End Bits:   [0x0000000014f28000, 0x0000000016ed0000)

Polling page: 0x00000000014a0000

CodeCache: size=245760Kb used=1099Kb max_used=1106Kb free=244660Kb
 bounds [0x0000000003110000, 0x0000000003380000, 0x0000000012110000]
 total_blobs=249 nmethods=26 adapters=145
 compilation: enabled

Compilation events (10 events):
Event: 0.357 Thread 0x0000000017cce800   22       3       java.lang.String::indexOf (7 bytes)
Event: 0.357 Thread 0x0000000017cce800 nmethod 22 0x0000000003220d90 code [0x0000000003220f00, 0x0000000003221128]
Event: 0.358 Thread 0x0000000017cce800   23       3       java.lang.AbstractStringBuilder::append (50 bytes)
Event: 0.358 Thread 0x0000000017c97800   24       4       java.lang.String::charAt (29 bytes)
Event: 0.358 Thread 0x0000000017cce800 nmethod 23 0x00000000032211d0 code [0x0000000003221360, 0x0000000003221868]
Event: 0.359 Thread 0x0000000017c97800 nmethod 24 0x0000000003224750 code [0x00000000032248a0, 0x0000000003224998]
Event: 0.364 Thread 0x0000000017cce800   25       3       java.lang.StringBuilder::append (8 bytes)
Event: 0.364 Thread 0x0000000017cce800 nmethod 25 0x0000000003223b90 code [0x0000000003223d00, 0x0000000003223ea8]
Event: 0.367 Thread 0x0000000017cce800   26       3       java.lang.System::getSecurityManager (4 bytes)
Event: 0.367 Thread 0x0000000017cce800 nmethod 26 0x0000000003223890 code [0x00000000032239e0, 0x0000000003223b10]

GC Heap History (0 events):
No events

Deoptimization events (0 events):
No events

Internal exceptions (2 events):
Event: 0.085 Thread 0x0000000002f0e000 Exception <a 'java/lang/NoSuchMethodError': Method sun.misc.Unsafe.defineClass(Ljava/lang/String;[BII)Ljava/lang/Class; name or signature does not match> (0x00000000d5d07cc0) thrown at [C:\re\workspace\8-2-build-windows-amd64-cygwin\jdk8u101\7261\hotspot\sšˆÚ‹ˆ»µ?
Event: 0.085 Thread 0x0000000002f0e000 Exception <a 'java/lang/NoSuchMethodError': Method sun.misc.Unsafe.prefetchRead(Ljava/lang/Object;J)V name or signature does not match> (0x00000000d5d07fa8) thrown at [C:\re\workspace\8-2-build-windows-amd64-cygwin\jdk8u101\7261\hotspot\src\share\vm\prims\

Events (10 events):
Event: 512.678 Executing VM operation: ChangeBreakpoints
Event: 512.678 Executing VM operation: ChangeBreakpoints done
Event: 594.532 Executing VM operation: RedefineClasses
Event: 594.533 Executing VM operation: RedefineClasses done
Event: 594.541 Executing VM operation: ChangeBreakpoints
Event: 594.542 Executing VM operation: ChangeBreakpoints done
Event: 594.580 Executing VM operation: ChangeBreakpoints
Event: 594.580 Executing VM operation: ChangeBreakpoints done
Event: 1253.994 Executing VM operation: RedefineClasses
Event: 1253.994 Executing VM operation: RedefineClasses done


Dynamic libraries:
0x00007ff6fbef0000 - 0x00007ff6fbf27000 	C:\Program Files\Java\jdk1.8.0_101\bin\javaw.exe
0x00007ff885f20000 - 0x00007ff8860f1000 	C:\WINDOWS\SYSTEM32\ntdll.dll
0x00007ff884140000 - 0x00007ff8841eb000 	C:\WINDOWS\System32\KERNEL32.DLL
0x00007ff882640000 - 0x00007ff88285d000 	C:\WINDOWS\System32\KERNELBASE.dll
0x00007ff883d00000 - 0x00007ff883da2000 	C:\WINDOWS\System32\ADVAPI32.dll
0x00007ff8848a0000 - 0x00007ff88493e000 	C:\WINDOWS\System32\msvcrt.dll
0x00007ff884490000 - 0x00007ff8844e9000 	C:\WINDOWS\System32\sechost.dll
0x00007ff883ee0000 - 0x00007ff884001000 	C:\WINDOWS\System32\RPCRT4.dll
0x00007ff884590000 - 0x00007ff8846f5000 	C:\WINDOWS\System32\USER32.dll
0x00007ff882fb0000 - 0x00007ff882fce000 	C:\WINDOWS\System32\win32u.dll
0x00007ff883cb0000 - 0x00007ff883ce4000 	C:\WINDOWS\System32\GDI32.dll
0x00007ff882410000 - 0x00007ff882592000 	C:\WINDOWS\System32\gdi32full.dll
0x00007ff8719c0000 - 0x00007ff871c3a000 	C:\WINDOWS\WinSxS\amd64_microsoft.windows.common-controls_6595b64144ccf1df_6.0.14393.953_none_42151e83c686086b\COMCTL32.dll
0x00007ff8834d0000 - 0x00007ff883798000 	C:\WINDOWS\System32\combase.dll
0x00007ff8833b0000 - 0x00007ff8834a5000 	C:\WINDOWS\System32\ucrtbase.dll
0x00007ff882f40000 - 0x00007ff882faa000 	C:\WINDOWS\System32\bcryptPrimitives.dll
0x00007ff883db0000 - 0x00007ff883dde000 	C:\WINDOWS\System32\IMM32.DLL
0x000000006d980000 - 0x000000006da52000 	C:\Program Files\Java\jdk1.8.0_101\jre\bin\msvcr100.dll
0x000000006c820000 - 0x000000006d0ba000 	C:\Program Files\Java\jdk1.8.0_101\jre\bin\server\jvm.dll
0x00007ff885f10000 - 0x00007ff885f18000 	C:\WINDOWS\System32\PSAPI.DLL
0x00007ff880860000 - 0x00007ff880883000 	C:\WINDOWS\SYSTEM32\WINMM.dll
0x00007ff869130000 - 0x00007ff869139000 	C:\WINDOWS\SYSTEM32\WSOCK32.dll
0x00007ff86cb60000 - 0x00007ff86cb6a000 	C:\WINDOWS\SYSTEM32\VERSION.dll
0x0000000001470000 - 0x000000000149b000 	C:\WINDOWS\SYSTEM32\WINMMBASE.dll
0x00007ff8837a0000 - 0x00007ff88380a000 	C:\WINDOWS\System32\WS2_32.dll
0x00007ff882fd0000 - 0x00007ff883012000 	C:\WINDOWS\System32\cfgmgr32.dll
0x000000006c810000 - 0x000000006c81f000 	C:\Program Files\Java\jdk1.8.0_101\jre\bin\verify.dll
0x000000006c7e0000 - 0x000000006c809000 	C:\Program Files\Java\jdk1.8.0_101\jre\bin\java.dll
0x000000006c7a0000 - 0x000000006c7d5000 	C:\Program Files\Java\jdk1.8.0_101\jre\bin\jdwp.dll
0x000000006c790000 - 0x000000006c798000 	C:\Program Files\Java\jdk1.8.0_101\jre\bin\npt.dll
0x000000006c770000 - 0x000000006c786000 	C:\Program Files\Java\jdk1.8.0_101\jre\bin\zip.dll
0x00007ff884a00000 - 0x00007ff885f09000 	C:\WINDOWS\System32\SHELL32.dll
0x00007ff882860000 - 0x00007ff882f3a000 	C:\WINDOWS\System32\windows.storage.dll
0x00007ff882380000 - 0x00007ff8823cc000 	C:\WINDOWS\System32\powrprof.dll
0x00007ff884070000 - 0x00007ff8840c2000 	C:\WINDOWS\System32\shlwapi.dll
0x00007ff8823d0000 - 0x00007ff8823df000 	C:\WINDOWS\System32\kernel.appcore.dll
0x00007ff883300000 - 0x00007ff8833a9000 	C:\WINDOWS\System32\shcore.dll
0x00007ff8823e0000 - 0x00007ff8823f4000 	C:\WINDOWS\System32\profapi.dll
0x000000006c760000 - 0x000000006c769000 	C:\Program Files\Java\jdk1.8.0_101\jre\bin\dt_socket.dll
0x00007ff871f60000 - 0x00007ff871f76000 	C:\WINDOWS\system32\napinsp.dll
0x00007ff871f90000 - 0x00007ff871faa000 	C:\WINDOWS\system32\pnrpnsp.dll
0x00007ff8800b0000 - 0x00007ff8800c8000 	C:\WINDOWS\system32\NLAapi.dll
0x00007ff881cb0000 - 0x00007ff881d0c000 	C:\WINDOWS\System32\mswsock.dll
0x00007ff881a70000 - 0x00007ff881b11000 	C:\WINDOWS\SYSTEM32\DNSAPI.dll
0x00007ff884130000 - 0x00007ff884138000 	C:\WINDOWS\System32\NSI.dll
0x00007ff881a30000 - 0x00007ff881a68000 	C:\WINDOWS\SYSTEM32\IPHLPAPI.DLL
0x00007ff871f80000 - 0x00007ff871f8e000 	C:\WINDOWS\System32\winrnr.dll
0x00007ff871fb0000 - 0x00007ff871fc5000 	C:\WINDOWS\System32\wshbth.dll
0x00007ff87dd40000 - 0x00007ff87ddaa000 	C:\WINDOWS\System32\fwpuclnt.dll
0x00007ff8822c0000 - 0x00007ff8822eb000 	C:\WINDOWS\SYSTEM32\bcrypt.dll
0x00007ff87a040000 - 0x00007ff87a04a000 	C:\Windows\System32\rasadhlp.dll
0x00007ff87e5c0000 - 0x00007ff87e752000 	C:\WINDOWS\SYSTEM32\dbghelp.dll

VM Arguments:
jvm_args: -agentlib:jdwp=transport=dt_socket,suspend=y,address=localhost:60274 -Dfile.encoding=Cp1252 
java_command: com.bayviewglen.horserace.HorseRacingAssignment
java_class_path (initial): C:\Users\ggerges\Google Drive\Computer Science\Workspaces\Workspace 1\Horse Racing\bin
Launcher Type: SUN_STANDARD

Environment Variables:
PATH=C:\Program Files\Java\jdk1.8.0_101\jre\bin;C:/Program Files/Java/jre1.8.0_101/bin/server;C:/Program Files/Java/jre1.8.0_101/bin;C:/Program Files/Java/jre1.8.0_101/lib/amd64;C:\ProgramData\Oracle\Java\javapath;C:\WINDOWS\system32;C:\WINDOWS;C:\WINDOWS\System32\Wbem;C:\WINDOWS\System32\WindowsPowerShell\v1.0\;C:\Program Files (x86)\Windows Live\Shared;C:\Program Files (x86)\Skype\Phone\;C:\Users\ggerges\AppData\Local\Microsoft\WindowsApps;;C:\Users\ggerges\eclipse\java-neon\eclipse;
USERNAME=ggerges
OS=Windows_NT
PROCESSOR_IDENTIFIER=Intel64 Family 6 Model 69 Stepping 1, GenuineIntel



---------------  S Y S T E M  ---------------

OS: Windows 10.0 , 64 bit Build 14393 (10.0.14393.0)

CPU:total 4 (2 cores per cpu, 2 threads per core) family 6 model 69 stepping 1, cmov, cx8, fxsr, mmx, sse, sse2, sse3, ssse3, sse4.1, sse4.2, popcnt, avx, avx2, aes, clmul, erms, lzcnt, ht, tsc, tscinvbit, bmi1, bmi2

Memory: 4k page, physical 8291376k(3901116k free), swap 10582716k(1692392k free)

vm_info: Java HotSpot(TM) 64-Bit Server VM (25.101-b13) for windows-amd64 JRE (1.8.0_101-b13), built on Jun 22 2016 01:21:29 by "java_re" with MS VC++ 10.0 (VS2010)

time: Sat Apr 01 22:44:17 2017
elapsed time: 1254 seconds (0d 0h 20m 54s)

